2025-06-08 03:14:54.972494 - User: Anonymous - Path: /admin/
2025-06-08 03:14:55.006838 - User: Anonymous - Path: /admin/login/
2025-06-08 03:15:03.294495 - User: Anonymous - Path: /admin/login/
2025-06-08 03:15:03.982542 - User: admin - Path: /admin/
2025-06-08 03:15:06.626262 - User: admin - Path: /admin/chats/conversation/
2025-06-08 03:15:06.760160 - User: admin - Path: /admin/jsi18n/
2025-06-08 03:15:08.744813 - User: admin - Path: /admin/chats/message/
2025-06-08 03:15:08.797011 - User: admin - Path: /admin/jsi18n/
2025-06-08 03:15:10.331612 - User: admin - Path: /admin/chats/customuser/
2025-06-08 03:15:10.406307 - User: admin - Path: /admin/jsi18n/
2025-06-08 03:22:36.669536 - User: naomi - Path: /api/conversations/
2025-06-08 03:25:50.818704 - User: naomi - Path: /api/
2025-06-08 03:26:34.893559 - User: naomi - Path: /api-auth/logout/
2025-06-08 03:26:34.935305 - User: Anonymous - Path: /api/
2025-06-08 03:26:37.660212 - User: Anonymous - Path: /api-auth/login/
2025-06-08 03:26:48.215698 - User: Anonymous - Path: /api-auth/login/
2025-06-08 03:26:48.797661 - User: naomi - Path: /api/
2025-06-08 03:42:26.069153 - User: naomi - Path: /api/
2025-06-08 03:42:51.517947 - User: naomi - Path: /api/chats
2025-06-08 03:44:14.940872 - User: naomi - Path: /api/conversations/
2025-06-08 03:44:29.371226 - User: naomi - Path: /api/conversations/
2025-06-08 03:44:30.964214 - User: naomi - Path: /api/conversations/
2025-06-08 03:44:35.292471 - User: naomi - Path: /api/conversations/
2025-06-08 03:44:47.154971 - User: naomi - Path: /api/conversations/
2025-06-08 03:46:14.656945 - User: Anonymous - Path: /api/token/
2025-06-08 03:47:22.790915 - User: Anonymous - Path: /api/conversations/
2025-06-08 03:49:11.009342 - User: Anonymous - Path: /api/conversations/7762dd52-868a-4cb5-bc07-ca16dda779e7/messages/
2025-06-08 03:49:50.509807 - User: Anonymous - Path: /api/conversations/7762dd52-868a-4cb5-bc07-ca16dda779e7/messages/
2025-06-08 03:50:00.429751 - User: Anonymous - Path: /api/conversations/7762dd52-868a-4cb5-bc07-ca16dda779e7/messages/
2025-06-08 03:50:09.955061 - User: Anonymous - Path: /api/token/
2025-06-08 03:50:16.298213 - User: Anonymous - Path: /api/token/
2025-06-08 03:50:54.273382 - User: Anonymous - Path: /api/conversations/7762dd52-868a-4cb5-bc07-ca16dda779e7/messages/
2025-06-08 03:51:11.741940 - User: Anonymous - Path: /api/conversations/7762dd52-868a-4cb5-bc07-ca16dda779e7/messages/
2025-06-08 03:51:20.491673 - User: Anonymous - Path: /api/conversations/7762dd52-868a-4cb5-bc07-ca16dda779e7/messages/
2025-06-08 03:51:27.093472 - User: Anonymous - Path: /api/conversations/7762dd52-868a-4cb5-bc07-ca16dda779e7/messages/
2025-06-08 03:51:32.963778 - User: Anonymous - Path: /api/conversations/7762dd52-868a-4cb5-bc07-ca16dda779e7/messages/
2025-06-08 03:51:39.322794 - User: Anonymous - Path: /api/conversations/7762dd52-868a-4cb5-bc07-ca16dda779e7/messages/
2025-06-08 03:51:46.352723 - User: Anonymous - Path: /api/conversations/7762dd52-868a-4cb5-bc07-ca16dda779e7/messages/
2025-06-08 03:51:52.748220 - User: Anonymous - Path: /api/conversations/7762dd52-868a-4cb5-bc07-ca16dda779e7/messages/
2025-06-08 03:51:58.513227 - User: Anonymous - Path: /api/conversations/7762dd52-868a-4cb5-bc07-ca16dda779e7/messages/
2025-06-08 03:53:05.115646 - User: admin - Path: /admin/
2025-06-08 03:53:09.240764 - User: admin - Path: /admin/chats/conversation/
2025-06-08 03:53:09.468665 - User: admin - Path: /admin/jsi18n/
2025-06-08 03:53:12.849072 - User: admin - Path: /admin/chats/conversation/7762dd52-868a-4cb5-bc07-ca16dda779e7/change/
2025-06-08 03:53:13.046433 - User: admin - Path: /admin/jsi18n/
2025-06-08 03:53:15.794118 - User: admin - Path: /admin/chats/message/
2025-06-08 03:53:15.896876 - User: admin - Path: /admin/jsi18n/
2025-06-08 04:01:35.290741 - User: Anonymous - Path: /api/conversations/7762dd52-868a-4cb5-bc07-ca16dda779e7/messages/
2025-06-08 04:01:43.204602 - User: Anonymous - Path: /api/conversations/7762dd52-868a-4cb5-bc07-ca16dda779e7/messages/
2025-06-08 04:01:49.743943 - User: Anonymous - Path: /api/conversations/7762dd52-868a-4cb5-bc07-ca16dda779e7/messages/
2025-06-08 04:01:56.091653 - User: Anonymous - Path: /api/conversations/7762dd52-868a-4cb5-bc07-ca16dda779e7/messages/
2025-06-08 04:02:02.500604 - User: Anonymous - Path: /api/conversations/7762dd52-868a-4cb5-bc07-ca16dda779e7/messages/
2025-06-08 04:02:36.272637 - User: admin - Path: /admin/chats/message/
2025-06-08 04:02:36.664413 - User: admin - Path: /admin/jsi18n/
2025-06-08 04:10:49.837996 - User: Anonymous - Path: /api/token/
2025-06-08 04:14:05.781506 - User: admin - Path: /admin/chats/customuser/
2025-06-08 04:14:06.187014 - User: admin - Path: /admin/jsi18n/
2025-06-08 04:14:39.499325 - User: admin - Path: /admin/chats/customuser/99c919e5-cbb3-4df3-ba8b-4f0918880fbc/change/
2025-06-08 04:14:39.683842 - User: admin - Path: /admin/jsi18n/
2025-06-08 04:14:45.377205 - User: admin - Path: /admin/chats/customuser/
2025-06-08 04:14:45.504990 - User: admin - Path: /admin/jsi18n/
2025-06-08 04:20:44.852777 - User: Anonymous - Path: /api/token/
2025-06-08 04:20:57.851722 - User: Anonymous - Path: /api/token/
2025-06-08 04:22:58.242233 - User: Anonymous - Path: /api/token/
2025-06-08 04:23:46.083399 - User: admin - Path: /admin/chats/customuser/923ba398-ac07-4d21-9acf-d4661f6cab8f/change/
2025-06-08 04:23:46.429266 - User: admin - Path: /admin/jsi18n/
2025-06-08 04:23:52.650806 - User: admin - Path: /admin/chats/customuser/923ba398-ac07-4d21-9acf-d4661f6cab8f/change/
2025-06-08 04:23:52.771758 - User: admin - Path: /admin/chats/customuser/
2025-06-08 04:23:52.937753 - User: admin - Path: /admin/jsi18n/
2025-06-08 04:23:55.160354 - User: admin - Path: /admin/chats/customuser/923ba398-ac07-4d21-9acf-d4661f6cab8f/change/
2025-06-08 04:23:55.256065 - User: admin - Path: /admin/jsi18n/
2025-06-08 04:25:34.237101 - User: naomi - Path: /api/token/
2025-06-08 04:26:02.998301 - User: naomi - Path: /api/token/
2025-06-08 04:28:24.916899 - User: Anonymous - Path: /api/token/
2025-06-08 04:28:30.561699 - User: Anonymous - Path: /api/token/
2025-06-08 04:28:34.702931 - User: Anonymous - Path: /api/token/
2025-06-08 04:28:41.634159 - User: naomi - Path: /api/token/
2025-06-08 04:28:53.834565 - User: naomi - Path: /api/token/
2025-06-08 04:29:42.222463 - User: naomi - Path: /api/conversations/
2025-06-08 04:35:46.119530 - User: naomi - Path: /api/conversations/
2025-06-08 04:43:55.368599 - User: naomi - Path: /api/conversations/
2025-06-08 04:44:28.769893 - User: naomi - Path: /api/conversationjs/
